[debug] [2025-01-17T04:32:36.719Z] ----------------------------------------------------------------------
[debug] [2025-01-17T04:32:36.721Z] Command:       C:\Program Files\nodejs\node.exe C:\Users\udays\AppData\Roaming\npm\node_modules\firebase-tools\lib\bin\firebase.js init hosting:github
[debug] [2025-01-17T04:32:36.722Z] CLI Version:   13.29.1
[debug] [2025-01-17T04:32:36.722Z] Platform:      win32
[debug] [2025-01-17T04:32:36.722Z] Node Version:  v20.17.0
[debug] [2025-01-17T04:32:36.722Z] Time:          Fri Jan 17 2025 10:02:36 GMT+0530 (India Standard Time)
[debug] [2025-01-17T04:32:36.722Z] ----------------------------------------------------------------------
[debug] 
[debug] [2025-01-17T04:32:36.789Z] > command requires scopes: ["email","openid","https://www.googleapis.com/auth/cloudplatformprojects.readonly","https://www.googleapis.com/auth/firebase","https://www.googleapis.com/auth/cloud-platform"]
[debug] [2025-01-17T04:32:36.789Z] > authorizing via signed-in user (udaysai933@gmail.com)
[info] 
     ######## #### ########  ######## ########     ###     ######  ########
     ##        ##  ##     ## ##       ##     ##  ##   ##  ##       ##
     ######    ##  ########  ######   ########  #########  ######  ######
     ##        ##  ##    ##  ##       ##     ## ##     ##       ## ##
     ##       #### ##     ## ######## ########  ##     ##  ######  ########

You're about to initialize a Firebase project in this directory:

  C:\Users\udays\Downloads\Trezo\ecommerce-platform

Before we get started, keep in mind:

  * You are initializing within an existing Firebase project directory

[info] 
=== Project Setup
[info] 
[info] First, let's associate this project directory with a Firebase project.
[info] You can create multiple project aliases by running firebase use --add, 
[info] but for now we'll just set up a default project.
[info] 
[debug] [2025-01-17T04:32:40.896Z] Using project from CLI flag: e-commerce-app-fc8f8
[debug] [2025-01-17T04:32:40.899Z] Checked if tokens are valid: true, expires at: 1737091039239
[debug] [2025-01-17T04:32:40.900Z] Checked if tokens are valid: true, expires at: 1737091039239
[debug] [2025-01-17T04:32:40.904Z] >>> [apiv2][query] GET https://firebase.googleapis.com/v1beta1/projects/e-commerce-app-fc8f8 [none]
[debug] [2025-01-17T04:32:41.499Z] <<< [apiv2][status] GET https://firebase.googleapis.com/v1beta1/projects/e-commerce-app-fc8f8 200
[debug] [2025-01-17T04:32:41.499Z] <<< [apiv2][body] GET https://firebase.googleapis.com/v1beta1/projects/e-commerce-app-fc8f8 {"projectId":"e-commerce-app-fc8f8","projectNumber":"968973967211","displayName":"E-commerce App","name":"projects/e-commerce-app-fc8f8","resources":{"hostingSite":"e-commerce-app-fc8f8"},"state":"ACTIVE","etag":"1_d05db7d3-fdd9-42b3-9885-fc15ca7ee73c"}
[info] i  Using project e-commerce-app-fc8f8 (E-commerce App) 
[info] 
=== Hosting:github Setup
[info] 
[info] i  Didn't detect a .git folder. Assuming C:\Users\udays\Downloads\Trezo\ecommerce-platform is the project root. 
[info] i  Authorizing with GitHub to upload your service account to a GitHub repository's secrets store. 
[info] 
[info] Visit this URL on this device to log in:
[info] https://github.com/login/oauth/authorize?client_id=89cf50f02ac6aaed3484&state=380405727&redirect_uri=http%3A%2F%2Flocalhost%3A9005&scope=read%3Auser%20repo%20public_repo
[info] 
[info] Waiting for authentication...
[debug] [2025-01-17T04:32:42.183Z] >>> [apiv2][query] POST https://github.com/login/oauth/access_token [none]
[debug] [2025-01-17T04:32:42.183Z] >>> [apiv2][body] POST https://github.com/login/oauth/access_token [stream]
[debug] [2025-01-17T04:32:42.673Z] <<< [apiv2][status] POST https://github.com/login/oauth/access_token 200
[debug] [2025-01-17T04:32:42.673Z] <<< [apiv2][body] POST https://github.com/login/oauth/access_token {"access_token":"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","token_type":"bearer","scope":"read:user,repo"}
[debug] [2025-01-17T04:32:42.690Z] >>> [apiv2][query] GET https://api.github.com/user [none]
[debug] [2025-01-17T04:32:43.284Z] <<< [apiv2][status] GET https://api.github.com/user 200
[debug] [2025-01-17T04:32:43.285Z] <<< [apiv2][body] GET https://api.github.com/user {"login":"udaysaii","id":147128054,"node_id":"U_kgDOCMT-9g","avatar_url":"https://avatars.githubusercontent.com/u/147128054?v=4","gravatar_id":"","url":"https://api.github.com/users/udaysaii","html_url":"https://github.com/udaysaii","followers_url":"https://api.github.com/users/udaysaii/followers","following_url":"https://api.github.com/users/udaysaii/following{/other_user}","gists_url":"https://api.github.com/users/udaysaii/gists{/gist_id}","starred_url":"https://api.github.com/users/udaysaii/starred{/owner}{/repo}","subscriptions_url":"https://api.github.com/users/udaysaii/subscriptions","organizations_url":"https://api.github.com/users/udaysaii/orgs","repos_url":"https://api.github.com/users/udaysaii/repos","events_url":"https://api.github.com/users/udaysaii/events{/privacy}","received_events_url":"https://api.github.com/users/udaysaii/received_events","type":"User","user_view_type":"private","site_admin":false,"name":null,"company":null,"blog":"","location":null,"email":null,"hireable":null,"bio":null,"twitter_username":null,"notification_email":null,"public_repos":2,"public_gists":0,"followers":0,"following":0,"created_at":"2023-10-06T05:16:32Z","updated_at":"2025-01-08T14:07:39Z","private_gists":0,"total_private_repos":0,"owned_private_repos":0,"disk_usage":13,"collaborators":0,"two_factor_authentication":false,"plan":{"name":"pro","space":976562499,"collaborators":0,"private_repos":9999}}
[info] 
[info] +  Success! Logged into GitHub as udaysaii 
[info] 
